<?xml version="1.0" encoding="UTF-8"?>
<!-- Generated by org.testng.reporters.JUnitReportReporter -->
<testsuite skipped="0" hostname="DESKTOP-89OTHQ5" name="com.waitEx.WaitEx" tests="1" failures="0" timestamp="19 Sep 2021 04:17:07 GMT" time="20.178" errors="0">
  <testcase name="test01" time="20.178" classname="com.waitEx.WaitEx"/>
</testsuite> <!-- com.waitEx.WaitEx -->
