<?xml version="1.0" encoding="UTF-8"?>
<!-- Generated by org.testng.reporters.JUnitReportReporter -->
<testsuite skipped="0" hostname="DESKTOP-89OTHQ5" name="com.listeners.Demo" tests="1" failures="0" timestamp="18 Sep 2021 04:19:59 GMT" time="0.029" errors="0">
  <testcase name="test" time="0.029" classname="com.listeners.Demo"/>
</testsuite> <!-- com.listeners.Demo -->
